<?xml version="1.0" encoding="UTF-8" ?>
<testsuite tests="6" failures="0" name="ec.edu.ups.tddwto.calculator.CalculadoraParametrosTest" time="0.012" errors="0" skipped="0">
  <properties>
    <property name="java.runtime.name" value="OpenJDK Runtime Environment"/>
    <property name="java.vm.version" value="18.0.2+9-61"/>
    <property name="sun.boot.library.path" value="C:\Java\jdk-18.0.2\bin"/>
    <property name="java.vm.vendor" value="Oracle Corporation"/>
    <property name="java.vendor.url" value="https://java.oracle.com/"/>
    <property name="guice.disable.misplaced.annotation.check" value="true"/>
    <property name="path.separator" value=";"/>
    <property name="java.vm.name" value="OpenJDK 64-Bit Server VM"/>
    <property name="sun.os.patch.level" value=""/>
    <property name="user.script" value=""/>
    <property name="user.country" value="US"/>
    <property name="sun.java.launcher" value="SUN_STANDARD"/>
    <property name="java.vm.specification.name" value="Java Virtual Machine Specification"/>
    <property name="user.dir" value="C:\Personal\Estudios\UniPolSalesiana\Materias\IngDeSoftware\TDDPracticeWTO"/>
    <property name="java.vm.compressedOopsMode" value="32-bit"/>
    <property name="java.runtime.version" value="18.0.2+9-61"/>
    <property name="os.arch" value="amd64"/>
    <property name="java.io.tmpdir" value="C:\Users\wtoledo\AppData\Local\Temp\"/>
    <property name="line.separator" value="
"/>
    <property name="java.vm.specification.vendor" value="Oracle Corporation"/>
    <property name="user.variant" value=""/>
    <property name="os.name" value="Windows 10"/>
    <property name="classworlds.conf" value="C:\Java\apache-maven-3.1.1\bin\m2.conf"/>
    <property name="sun.jnu.encoding" value="Cp1252"/>
    <property name="java.library.path" value="C:\Java\jdk-18.0.2\bin;C:\WINDOWS\Sun\Java\bin;C:\WINDOWS\system32;C:\WINDOWS;C:\Program Files\Java\jdk1.8.0_202\bin;C:\Java\apache-maven-3.1.1\bin;C:/sybase/JS-12_5/bin;C:/sybase/OCS-12_5/lib3p;C:/sybase/OCS-12_5/dll;C:/sybase/OCS-12_5/bin;C:/Program Files (x86)/Common Files/Oracle/Java/javapath;C:/ProgramData/Oracle/Java/javapath;C:/WINDOWS/system32;C:/WINDOWS;C:/WINDOWS/System32/Wbem;C:/WINDOWS/System32/WindowsPowerShell/v1.0/;C:/WINDOWS/System32/OpenSSH/;C:/Program Files (x86)/Microsoft SQL Server/150/DTS/Binn/;C:/Program Files/nodejs/;C:/COBIS/Android/platform-tools;C:/COBIS/Android/tools;C:/Program Files/TortoiseGit/bin;C:/Users/wtoledo/AppData/Local/Microsoft/WindowsApps;C:/Users/wtoledo/flutter/bin;C:\COBIS\apache\apache-tomcat-9.0.69\bin\bootstrap.jar;C:\COBIS\apache\apache-tomcat-9.0.69\bin\tomcat-juli.jar;C:/Users/wtoledo/AppData/Local/Programs/Microsoft VS Code/bin;C:/Users/wtoledo/AppData/Roaming/npm;C:\Program Files (x86)\Kaspersky Lab\Endpoint Agent\;C:\MicroServJavaAWS\jdk-15.0.2\bin;C:\Program Files\Amazon\AWSCLIV2\;C:\Program Files\Docker\Docker\resources\bin;C:\ProgramData\DockerDesktop\version-bin;C:\Program Files (x86)\Groovy\bin;C:\Program Files\dotnet\;C:\Program Files\Amazon\SessionManagerPlugin\bin\;C:\Users\wtoledo\AppData\Roaming\nvm;C:\Program Files\nodejs;C:\Program Files\nodejs\;C:\Program Files\Amazon\AWSSAMCLI\bin\;C:\Java\jdk-18.0.2\\bin;C:\Users\wtoledo/AppData/Local/Microsoft/WindowsApps;C:/Users/wtoledo/flutter/bin;C:\COBIS\apache\apache-tomcat-9.0.69\bin\bootstrap.jar;C:\COBIS\apache\apache-tomcat-9.0.69\bin\tomcat-juli.jar;C:/Users/wtoledo/AppData/Local/Programs/Microsoft VS Code/bin;C:/Users/wtoledo/AppData/Roaming/npm;C:/COBIS/Android/tools;C:/COBIS/Android/platform-tools;C:/COBIS/Git//bin/git.exe;C:/COBIS/Git/cmd;C:/Windows/System32;C:\Users\wtoledo/AppData/Local/Microsoft/WindowsApps;C:/Users/wtoledo/flutter/bin;C:/Users/wtoledo/AppData/Local/Programs/Microsoft VS Code/bin;C:/Users/wtoledo/AppData/Roaming/npm;C:/COBIS/Android/tools;C:/COBIS/Android/platform-tools;C:/COBIS/Git//bin/git.exe;C:/COBIS/Git/cmd;C:/Windows/System32;C:\Users\wtoledo\AppData\Local\Programs\Microsoft VS Code\bin;C:\Users\wtoledo\AppData\Local\Programs\Ra;C:\Users\wtoledo\AppData\Local\Programs\Rancher Desktop\resources\resources\win32\bin;C:\Users\wtoledo\AppData\Local\Programs\Rancher Desktop\resources\resources\linux\bin;C:\Program Files\JetBrains\IntelliJ IDEA Community Edition 2022.3.2\bin;;C:\Users\wtoledo\AppData\Roaming\nvm;C:\Program Files\nodejs;C:\Users\wtoledo\AppData\Roaming\npm;C:\Program Files\Amazon\AWSSAMCLI\bin;;."/>
    <property name="jdk.debug" value="release"/>
    <property name="java.class.version" value="62.0"/>
    <property name="java.specification.name" value="Java Platform API Specification"/>
    <property name="sun.management.compiler" value="HotSpot 64-Bit Tiered Compilers"/>
    <property name="os.version" value="10.0"/>
    <property name="user.home" value="C:\Users\wtoledo"/>
    <property name="user.timezone" value="America/Bogota"/>
    <property name="file.encoding" value="UTF-8"/>
    <property name="java.specification.version" value="18"/>
    <property name="user.name" value="wtoledo"/>
    <property name="java.class.path" value="C:\Java\apache-maven-3.1.1\boot\plexus-classworlds-2.5.1.jar"/>
    <property name="org.slf4j.simpleLogger.defaultLogLevel" value="info"/>
    <property name="java.vm.specification.version" value="18"/>
    <property name="sun.arch.data.model" value="64"/>
    <property name="sun.java.command" value="org.codehaus.plexus.classworlds.launcher.Launcher clean install"/>
    <property name="java.home" value="C:\Java\jdk-18.0.2"/>
    <property name="user.language" value="en"/>
    <property name="java.specification.vendor" value="Oracle Corporation"/>
    <property name="java.vm.info" value="mixed mode, sharing"/>
    <property name="java.version" value="18.0.2"/>
    <property name="native.encoding" value="Cp1252"/>
    <property name="java.vendor" value="Oracle Corporation"/>
    <property name="sun.stderr.encoding" value="cp437"/>
    <property name="maven.home" value="C:\Java\apache-maven-3.1.1"/>
    <property name="file.separator" value="\"/>
    <property name="java.version.date" value="2022-07-19"/>
    <property name="java.vendor.url.bug" value="https://bugreport.java.com/bugreport/"/>
    <property name="sun.io.unicode.encoding" value="UnicodeLittle"/>
    <property name="sun.cpu.endian" value="little"/>
    <property name="sun.stdout.encoding" value="cp437"/>
    <property name="sun.cpu.isalist" value="amd64"/>
  </properties>
  <testcase classname="ec.edu.ups.tddwto.calculator.CalculadoraParametrosTest" name="givenTwoIntWhenAdditionThenOk[0]" time="0.011"/>
  <testcase classname="ec.edu.ups.tddwto.calculator.CalculadoraParametrosTest" name="givenTwoIntWhenAdditionThenOk[1]" time="0"/>
  <testcase classname="ec.edu.ups.tddwto.calculator.CalculadoraParametrosTest" name="givenTwoIntWhenAdditionThenOk[2]" time="0"/>
  <testcase classname="ec.edu.ups.tddwto.calculator.CalculadoraParametrosTest" name="givenTwoIntWhenAdditionThenOk[3]" time="0"/>
  <testcase classname="ec.edu.ups.tddwto.calculator.CalculadoraParametrosTest" name="givenTwoIntWhenAdditionThenOk[4]" time="0.001"/>
  <testcase classname="ec.edu.ups.tddwto.calculator.CalculadoraParametrosTest" name="givenTwoIntWhenAdditionThenOk[5]" time="0"/>
</testsuite>